[2026-03-23 16:28:59] [INFO] ========== Trae Auto Continue 启动 ==========
[2026-03-23 16:28:59] [INFO] WindowDetector 初始化完成, 目标窗口: ahk_exe Trae CN.exe
[2026-03-23 16:29:00] [INFO] RapidOCR 初始化成功, 模型: zh_hans
[2026-03-23 16:29:00] [INFO] OCRDetector 初始化完成, 置信度阈值: 0.90000000000000002, 区域: 9
[2026-03-23 16:29:00] [INFO] KeywordDetector 初始化完成, 关键词数量: 5
[2026-03-23 16:29:00] [INFO] 关键词列表: 模型思考次数已达上限,请输入继续,获得更多结果,次数已达上限,手动终止输出
[2026-03-23 16:29:00] [INFO] AutoContinueExecutor 初始化完成: InputX=0.78049999999999997, InputY=0.85029999999999994, SendBtnX=0.97550000000000003, SendBtnY=0.93320000000000003, EnableRandomDelay=1, RandomDelayMin=10, RandomDelayMax=30, SendText=继续
[2026-03-23 16:29:00] [INFO] RetryManager 初始化完成, 最大重试: 3
[2026-03-23 16:29:00] [INFO] StateMachine 初始化完成, 初始状态: COOLDOWN
[2026-03-23 16:29:00] [INFO] 冷却期: 900ms, 检测间隔: 10000ms, 执行后等待: 30000ms
[2026-03-23 16:29:00] [INFO] HeartbeatMonitor 初始化完成, 间隔: 60000ms
[2026-03-23 16:29:00] [INFO] Watchdog 初始化完成, 检查间隔: 300000ms
[2026-03-23 16:29:00] [INFO] 初始化完成
[2026-03-23 16:29:00] [INFO] 主循环已启动
[2026-03-23 16:29:01] [INFO] 状态转换: COOLDOWN -> DETECTING
[2026-03-23 16:29:01] [INFO] Base64 编码完成, 数据大小: 18263, Base64长度: 24352, 前50字符: iVBORw0KGgoAAAANSUhEUgAAAoUAAAFtCAYAAABx1hCmAAAAAX
[2026-03-23 16:29:02] [INFO] OCR 响应长度: 1079, 前100字符: {"code":100,"data":[{"box":[[513,9],[526,9],[526,24],[513,24]],"score":0.41186776757240295,"text":"U
[2026-03-23 16:29:02] [INFO] OCR 识别结果: 第三方 Builder 手动终止输出 @Builder % 您正在与Builder聊天 激活Windows 行63，列51空格：4UTF-8LF{}纯文本CUE
[2026-03-23 16:29:02] [INFO] 检测到目标关键词: 手动终止输出
[2026-03-23 16:29:02] [INFO] 检测到关键词: 手动终止输出
[2026-03-23 16:29:02] [INFO] 共检测到 1 个关键词
[2026-03-23 16:29:02] [INFO] 检测到关键词: 手动终止输出
[2026-03-23 16:29:02] [INFO] 随机延迟 27 秒后执行...
[2026-03-23 16:29:29] [INFO] 窗口: (-8, -8) 1936x1096, 客户区尺寸: 1920x1078, 边框: 8.0, 标题栏: 10.0
[2026-03-23 16:29:29] [INFO] 客户区屏幕起点: (0.0, 2.0)
[2026-03-23 16:29:29] [INFO] 点击输入框: (1499, 919), 比例: (0.78049999999999997, 0.85029999999999994)
[2026-03-23 16:29:30] [INFO] 输入文本: 继续
[2026-03-23 16:29:30] [INFO] 点击发送按钮: (1873, 1008), 比例: (0.97550000000000003, 0.93320000000000003)
[2026-03-23 16:29:30] [INFO] 执行完成
[2026-03-23 16:30:24] [INFO] 状态转换: DETECTING -> POST_EXECUTION
[2026-03-23 16:31:08] [INFO] 状态转换: POST_EXECUTION -> COOLDOWN
[2026-03-23 16:31:09] [INFO] 状态转换: COOLDOWN -> DETECTING
[2026-03-23 16:31:10] [INFO] Base64 编码完成, 数据大小: 37785, Base64长度: 50380, 前50字符: iVBORw0KGgoAAAANSUhEUgAAAoUAAAFtCAYAAABx1hCmAAAAAX
[2026-03-23 16:31:11] [INFO] OCR 响应长度: 1296, 前100字符: {"code":100,"data":[{"box":[[530,10],[543,6],[547,20],[534,24]],"score":0.8091803789138794,"text":"5
[2026-03-23 16:31:11] [INFO] OCR 识别结果: 继续 Builder ）手动终止输出 @Builder % 您正在与Builder聊天 激活Windows 16:31 2026/3/23
[2026-03-23 16:31:11] [INFO] 检测到目标关键词: 手动终止输出
[2026-03-23 16:31:11] [INFO] 检测到关键词: 手动终止输出
[2026-03-23 16:31:11] [INFO] 共检测到 1 个关键词
[2026-03-23 16:31:11] [INFO] 检测到关键词: 手动终止输出
[2026-03-23 16:31:11] [INFO] 随机延迟 17 秒后执行...
[2026-03-23 16:31:14] [INFO] 主循环已停止
[2026-03-23 16:31:14] [INFO] 程序退出
